<?xml version="1.0" encoding="UTF-8"?>
<!-- Generated by org.testng.reporters.JUnitXMLReporter -->
<testsuite ignored="0" hostname="DESKTOP-P5UKOM7" failures="0" tests="9" name="Default test" time="16.318" errors="0" timestamp="2021-04-04T20:53:14 IST">
  <testcase classname="automationFramework.Jenkins$Main" name="login" time="0.571"/>
  <testcase classname="automationFramework.Jenkins$Main" name="contact_us" time="4.291"/>
  <testcase classname="automationFramework.Jenkins$Main" name="contact_us" time="0.722"/>
  <testcase classname="automationFramework.Jenkins$Main" name="contact_us" time="0.664"/>
  <testcase classname="automationFramework.Jenkins$Main" name="contact_us" time="1.389"/>
  <testcase classname="automationFramework.Jenkins$Main" name="close_tabs" time="0.151"/>
  <testcase classname="automationFramework.Jenkins$Main" name="close_tabs" time="1.278"/>
  <testcase classname="automationFramework.Jenkins$Main" name="close_tabs" time="0.164"/>
  <testcase classname="automationFramework.Jenkins$Main" name="close_tabs" time="0.809"/>
</testsuite> <!-- Default test -->
