<?xml version="1.0" encoding="UTF-8"?>
<!-- Generated by org.testng.reporters.JUnitXMLReporter -->
<testsuite ignored="0" hostname="DESKTOP-P5UKOM7" failures="0" tests="9" name="demo_test" time="15.66" errors="0" timestamp="2021-04-04T20:54:21 IST">
  <testcase classname="automationFramework.Jenkins$Main" name="login" time="0.759"/>
  <testcase classname="automationFramework.Jenkins$Main" name="contact_us" time="4.651"/>
  <testcase classname="automationFramework.Jenkins$Main" name="contact_us" time="0.738"/>
  <testcase classname="automationFramework.Jenkins$Main" name="contact_us" time="0.772"/>
  <testcase classname="automationFramework.Jenkins$Main" name="contact_us" time="0.888"/>
  <testcase classname="automationFramework.Jenkins$Main" name="close_tabs" time="0.13"/>
  <testcase classname="automationFramework.Jenkins$Main" name="close_tabs" time="0.274"/>
  <testcase classname="automationFramework.Jenkins$Main" name="close_tabs" time="0.268"/>
  <testcase classname="automationFramework.Jenkins$Main" name="close_tabs" time="1.16"/>
</testsuite> <!-- demo_test -->
